2025-11-08 09:30:04 - INFO - ======================================================================
2025-11-08 09:30:04 - INFO - STARTING DAILY QUOTE JOB
2025-11-08 09:30:04 - INFO - ======================================================================
2025-11-08 09:30:04 - INFO - Step 1: Fetching quote from ZenQuotes API...
2025-11-08 09:30:30 - INFO - ======================================================================
2025-11-08 09:30:30 - INFO - STARTING DAILY QUOTE JOB
2025-11-08 09:30:30 - INFO - ======================================================================
2025-11-08 09:30:30 - INFO - Step 1: Fetching quote from ZenQuotes API...
2025-11-08 09:30:32 - INFO - Step 2: Retrieving active users from database...
2025-11-08 09:30:32 - INFO - Step 3: Sending emails to users...
2025-11-08 09:30:32 - INFO - ----------------------------------------------------------------------
2025-11-08 09:30:32 - INFO - [1/2] Processing: Joshua Akintayo (akinspajo@gmail.com)
2025-11-08 09:30:37 - INFO - [2/2] Processing: Zee Legacy (Zeestakes)
2025-11-08 09:32:58 - INFO - ======================================================================
2025-11-08 09:32:58 - INFO - JOB COMPLETED - SUMMARY
2025-11-08 09:32:58 - INFO - ======================================================================
2025-11-08 09:32:58 - INFO - Total users processed: 2
2025-11-08 09:32:58 - INFO - Emails sent successfully: 1
2025-11-08 09:32:58 - INFO - Emails failed: 1
2025-11-08 09:32:58 - INFO - Success rate: 50.0%
2025-11-08 09:32:58 - INFO - Duration: 147.21 seconds
2025-11-08 09:32:58 - INFO - Quote of the day: "It is indeed a radical act of love just to sit down and be quiet for a time by yourself." - Jon Kabat-Zinn
2025-11-08 09:32:58 - INFO - ======================================================================
2025-11-08 09:38:51 - INFO - ======================================================================
2025-11-08 09:38:51 - INFO - STARTING DAILY QUOTE JOB
2025-11-08 09:38:51 - INFO - ======================================================================
2025-11-08 09:38:51 - INFO - Step 1: Fetching quote from ZenQuotes API...
2025-11-08 09:38:53 - INFO - Step 2: Retrieving active users from database...
2025-11-08 09:38:54 - INFO - Step 3: Sending emails to users...
2025-11-08 09:38:54 - INFO - ----------------------------------------------------------------------
2025-11-08 09:38:54 - INFO - [1/2] Processing: Joshua Akintayo (akinspajo@gmail.com)
2025-11-08 09:41:09 - INFO - [2/2] Processing: Zee Legacy (Zeestakes)
2025-11-08 09:47:43 - INFO - ======================================================================
2025-11-08 09:47:43 - INFO - JOB COMPLETED - SUMMARY
2025-11-08 09:47:43 - INFO - ======================================================================
2025-11-08 09:47:43 - INFO - Total users processed: 2
2025-11-08 09:47:43 - INFO - Emails sent successfully: 1
2025-11-08 09:47:43 - INFO - Emails failed: 1
2025-11-08 09:47:43 - WARNING - Failed recipients: Zeestakes
2025-11-08 09:47:43 - INFO - Success rate: 50.0%
2025-11-08 09:47:43 - INFO - Duration: 531.33 seconds
2025-11-08 09:47:43 - INFO - Quote of the day: "It is indeed a radical act of love just to sit down and be quiet for a time by yourself." - Jon Kabat-Zinn
2025-11-08 09:47:43 - INFO - ======================================================================
2025-11-08 09:48:29 - INFO - ======================================================================
2025-11-08 09:48:29 - INFO - STARTING DAILY QUOTE JOB
2025-11-08 09:48:29 - INFO - ======================================================================
2025-11-08 09:48:29 - INFO - Step 1: Fetching quote from ZenQuotes API...
2025-11-08 09:48:33 - INFO - Step 2: Retrieving active users from database...
2025-11-08 09:48:33 - INFO - Step 3: Sending emails to users...
2025-11-08 09:48:33 - INFO - ----------------------------------------------------------------------
2025-11-08 09:48:33 - INFO - [1/4] Processing: Joshua Akintayo (akinspajo@gmail.com)
2025-11-08 09:48:36 - INFO - [2/4] Processing: Zee Legacy (Zeestakes)
2025-11-08 09:48:38 - INFO - [3/4] Processing: Joshua Akintayo (joshuaakintayo21@gmail.com)
2025-11-08 09:48:41 - INFO - [4/4] Processing: Awwal Abioye (awwalabioye20@gmail.com)
2025-11-08 09:48:43 - INFO - ======================================================================
2025-11-08 09:48:43 - INFO - JOB COMPLETED - SUMMARY
2025-11-08 09:48:43 - INFO - ======================================================================
2025-11-08 09:48:43 - INFO - Total users processed: 4
2025-11-08 09:48:43 - INFO - Emails sent successfully: 3
2025-11-08 09:48:43 - INFO - Emails failed: 1
2025-11-08 09:48:43 - WARNING - Failed recipients: Zeestakes
2025-11-08 09:48:43 - INFO - Success rate: 75.0%
2025-11-08 09:48:43 - INFO - Duration: 14.23 seconds
2025-11-08 09:48:43 - INFO - Quote of the day: "It is indeed a radical act of love just to sit down and be quiet for a time by yourself." - Jon Kabat-Zinn
2025-11-08 09:48:43 - INFO - ======================================================================
2025-11-08 10:09:10 - INFO - ======================================================================
2025-11-08 10:09:10 - INFO - STARTING DAILY QUOTE JOB
2025-11-08 10:09:10 - INFO - ======================================================================
2025-11-08 10:09:10 - INFO - Step 1: Fetching quote from ZenQuotes API...
2025-11-08 10:09:15 - INFO - Step 2: Retrieving active users from database...
2025-11-08 10:09:15 - INFO - Step 3: Sending emails to users...
2025-11-08 10:09:15 - INFO - ----------------------------------------------------------------------
2025-11-08 10:09:15 - INFO - [1/4] Processing: Joshua Akintayo (akinspajo@gmail.com)
2025-11-08 10:09:18 - INFO - [2/4] Processing: Joshua Akintayo (joshuaakintayo21@gmail.com)
2025-11-08 10:11:32 - INFO - [3/4] Processing: Awwal Abioye (awwalabioye20@gmail.com)
2025-11-08 10:11:36 - INFO - [4/4] Processing: Zee Legacy (zeestakes@gmail.com)
2025-11-08 10:11:39 - INFO - ======================================================================
2025-11-08 10:11:39 - INFO - JOB COMPLETED - SUMMARY
2025-11-08 10:11:39 - INFO - ======================================================================
2025-11-08 10:11:39 - INFO - Total users processed: 4
2025-11-08 10:11:39 - INFO - Emails sent successfully: 4
2025-11-08 10:11:39 - INFO - Emails failed: 0
2025-11-08 10:11:39 - INFO - Success rate: 100.0%
2025-11-08 10:11:39 - INFO - Duration: 149.16 seconds
2025-11-08 10:11:39 - INFO - Quote of the day: "It is indeed a radical act of love just to sit down and be quiet for a time by yourself." - Jon Kabat-Zinn
2025-11-08 10:11:39 - INFO - ======================================================================
2025-11-08 10:13:39 - INFO - ======================================================================
2025-11-08 10:13:39 - INFO - STARTING DAILY QUOTE JOB
2025-11-08 10:13:39 - INFO - ======================================================================
2025-11-08 10:13:39 - INFO - Step 1: Fetching quote from ZenQuotes API...
2025-11-08 10:13:41 - INFO - Step 2: Retrieving active users from database...
2025-11-08 10:13:41 - INFO - Step 3: Sending emails to users...
2025-11-08 10:13:41 - INFO - ----------------------------------------------------------------------
2025-11-08 10:13:41 - INFO - [1/4] Processing: Joshua Akintayo (akinspajo@gmail.com)
2025-11-08 10:14:06 - INFO - [2/4] Processing: Joshua Akintayo (joshuaakintayo21@gmail.com)
2025-11-08 10:16:18 - INFO - [3/4] Processing: Awwal Abioye (awwalabioye20@gmail.com)
2025-11-08 10:16:21 - INFO - [4/4] Processing: Zee Legacy (zeestakes@gmail.com)
2025-11-08 10:16:24 - INFO - ======================================================================
2025-11-08 10:16:24 - INFO - JOB COMPLETED - SUMMARY
2025-11-08 10:16:24 - INFO - ======================================================================
2025-11-08 10:16:24 - INFO - Total users processed: 4
2025-11-08 10:16:24 - INFO - Emails sent successfully: 4
2025-11-08 10:16:24 - INFO - Emails failed: 0
2025-11-08 10:16:24 - INFO - Success rate: 100.0%
2025-11-08 10:16:24 - INFO - Duration: 164.16 seconds
2025-11-08 10:16:24 - INFO - Quote of the day: "It is indeed a radical act of love just to sit down and be quiet for a time by yourself." - Jon Kabat-Zinn
2025-11-08 10:16:24 - INFO - ======================================================================
2025-11-08 10:18:24 - INFO - ======================================================================
2025-11-08 10:18:24 - INFO - STARTING DAILY QUOTE JOB
2025-11-08 10:18:24 - INFO - ======================================================================
2025-11-08 10:18:24 - INFO - Step 1: Fetching quote from ZenQuotes API...
2025-11-08 10:18:26 - INFO - Step 2: Retrieving active users from database...
2025-11-08 10:18:26 - INFO - Step 3: Sending emails to users...
2025-11-08 10:18:26 - INFO - ----------------------------------------------------------------------
2025-11-08 10:18:26 - INFO - [1/4] Processing: Joshua Akintayo (akinspajo@gmail.com)
2025-11-08 10:20:41 - INFO - [2/4] Processing: Joshua Akintayo (joshuaakintayo21@gmail.com)
